(ali)Running: Start Machine      [ exec-time = 0.001 ms ]
(ali)Running: Boil Water         [ exec-time = 0.003 ms ]
(ali)Running: Make Coffee        [ exec-time = 2.005 s ]
(ali)Running: Start Machine      [ exec-time = 0.001 ms ]
(ali)Running: Boil Water         [ exec-time = 0.007 ms ]
(ali)Running: Make Coffee        [ exec-time = 2.006 s ]
(ali)Running: Start Machine      [ exec-time = 0.005 ms ]
(ali)Running: Boil Water         [ exec-time = 0.004 ms ]
(ali)Running: Make Coffee        [ exec-time = 2.005 s ]
(ali)Running: Start Machine      [ exec-time = 0.002 ms ]
(ali)Running: Boil Water         [ exec-time = 0.006 ms ]
(ali)Running: Make Coffee        [ exec-time = 2.005 s ]
(ali)Running: Start Machine      [ exec-time = 0.047 ms ]
(ali)Running: Make Coffee        [ exec-time = 0.448 ms ]
(ali)Running: Start Machine      [ exec-time = 0.046 ms ]
(ali)Running: Make Coffee        [ exec-time = 0.469 ms ]
(ali)Running: Add Water          [ exec-time = 3.003 s ]
(ali)Running: Start Machine      [ exec-time = 0.001 ms ]
(ali)Running: Boil Water         [ exec-time = 0.008 ms ]
(ali)Running: Make Coffee        [ exec-time = 2.005 s ]
(ali)Running: Start Machine      [ exec-time = 0.003 ms ]
(ali)Running: Boil Water         [ exec-time = 0.007 ms ]
(ali)Running: Make Coffee        [ exec-time = 2.006 s ]
(ali)Running: Start Machine      [ exec-time = 0.005 ms ]
(ali)Running: Boil Water         [ exec-time = 0.006 ms ]
(ali)Running: Make Coffee        [ exec-time = 2.006 s ]
(ali)Running: Start Machine      [ exec-time = 0.002 ms ]
(ali)Running: Boil Water         [ exec-time = 0.006 ms ]
(ali)Running: Make Coffee        [ exec-time = 2.006 s ]
(ali)Running: Start Machine      [ exec-time = 0.046 ms ]
(ali)Running: Make Coffee        [ exec-time = 0.447 ms ]
(ali)Running: Start Machine      [ exec-time = 0.011 ms ]
(ali)Running: Make Coffee        [ exec-time = 0.121 ms ]
(ali)Running: Add Water          [ exec-time = 4.004 s ]
